{"errorLabelSet":{},"level":"error","message":"MongoDB connection error: connect ECONNREFUSED 127.0.0.1:27017","reason":{"commonWireVersion":0,"compatible":true,"heartbeatFrequencyMS":10000,"localThresholdMS":15,"logicalSessionTimeoutMinutes":null,"maxElectionId":null,"maxSetVersion":null,"servers":{"localhost:27017":{"$clusterTime":null,"address":"localhost:27017","arbiters":[],"electionId":null,"error":{"beforeHandshake":false,"errorLabelSet":{}},"hosts":[],"iscryptd":false,"lastUpdateTime":351156100,"lastWriteDate":0,"logicalSessionTimeoutMinutes":null,"maxBsonObjectSize":null,"maxMessageSizeBytes":null,"maxWireVersion":0,"maxWriteBatchSize":null,"me":null,"minRoundTripTime":0,"minWireVersion":0,"passives":[],"primary":null,"roundTripTime":-1,"setName":null,"setVersion":null,"tags":{},"topologyVersion":null,"type":"Unknown"}},"setName":null,"stale":false,"type":"Unknown"},"stack":"MongooseServerSelectionError: connect ECONNREFUSED 127.0.0.1:27017\n    at _handleConnectionErrors (/Users/dev-rizwan/SearchEngine/node_modules/mongoose/lib/connection.js:1165:11)\n    at NativeConnection.openUri (/Users/dev-rizwan/SearchEngine/node_modules/mongoose/lib/connection.js:1096:11)\n    at async connectDB (/Users/dev-rizwan/SearchEngine/src/config/database.ts:10:5)\n    at async startServer (/Users/dev-rizwan/SearchEngine/src/server.ts:10:5)","timestamp":"2025-04-11T15:02:50.603Z"}
{"errorLabelSet":{},"level":"error","message":"MongoDB connection error: connect ECONNREFUSED 127.0.0.1:27017","reason":{"commonWireVersion":0,"compatible":true,"heartbeatFrequencyMS":10000,"localThresholdMS":15,"logicalSessionTimeoutMinutes":null,"maxElectionId":null,"maxSetVersion":null,"servers":{"localhost:27017":{"$clusterTime":null,"address":"localhost:27017","arbiters":[],"electionId":null,"error":{"beforeHandshake":false,"errorLabelSet":{}},"hosts":[],"iscryptd":false,"lastUpdateTime":351195242,"lastWriteDate":0,"logicalSessionTimeoutMinutes":null,"maxBsonObjectSize":null,"maxMessageSizeBytes":null,"maxWireVersion":0,"maxWriteBatchSize":null,"me":null,"minRoundTripTime":0,"minWireVersion":0,"passives":[],"primary":null,"roundTripTime":-1,"setName":null,"setVersion":null,"tags":{},"topologyVersion":null,"type":"Unknown"}},"setName":null,"stale":false,"type":"Unknown"},"stack":"MongooseServerSelectionError: connect ECONNREFUSED 127.0.0.1:27017\n    at _handleConnectionErrors (/Users/dev-rizwan/SearchEngine/node_modules/mongoose/lib/connection.js:1165:11)\n    at NativeConnection.openUri (/Users/dev-rizwan/SearchEngine/node_modules/mongoose/lib/connection.js:1096:11)\n    at async connectDB (/Users/dev-rizwan/SearchEngine/src/config/database.ts:10:5)\n    at async startServer (/Users/dev-rizwan/SearchEngine/src/server.ts:10:5)","timestamp":"2025-04-11T15:03:29.742Z"}
{"errorLabelSet":{},"level":"error","message":"MongoDB connection attempt 1 failed: connect ECONNREFUSED 127.0.0.1:27017","reason":{"commonWireVersion":0,"compatible":true,"heartbeatFrequencyMS":10000,"localThresholdMS":15,"logicalSessionTimeoutMinutes":null,"maxElectionId":null,"maxSetVersion":null,"servers":{"localhost:27017":{"$clusterTime":null,"address":"localhost:27017","arbiters":[],"electionId":null,"error":{"beforeHandshake":false,"errorLabelSet":{}},"hosts":[],"iscryptd":false,"lastUpdateTime":351649665,"lastWriteDate":0,"logicalSessionTimeoutMinutes":null,"maxBsonObjectSize":null,"maxMessageSizeBytes":null,"maxWireVersion":0,"maxWriteBatchSize":null,"me":null,"minRoundTripTime":0,"minWireVersion":0,"passives":[],"primary":null,"roundTripTime":-1,"setName":null,"setVersion":null,"tags":{},"topologyVersion":null,"type":"Unknown"}},"setName":null,"stale":false,"type":"Unknown"},"stack":"MongooseServerSelectionError: connect ECONNREFUSED 127.0.0.1:27017\n    at _handleConnectionErrors (/Users/dev-rizwan/SearchEngine/node_modules/mongoose/lib/connection.js:1165:11)\n    at NativeConnection.openUri (/Users/dev-rizwan/SearchEngine/node_modules/mongoose/lib/connection.js:1096:11)\n    at async connectDB (/Users/dev-rizwan/SearchEngine/src/config/database.ts:12:7)\n    at async startServer (/Users/dev-rizwan/SearchEngine/src/server.ts:10:5)","timestamp":"2025-04-11T15:11:04.307Z"}
{"level":"info","message":"Retrying in 5 seconds...","timestamp":"2025-04-11T15:11:04.312Z"}
{"level":"info","message":"MongoDB connected successfully","timestamp":"2025-04-11T15:39:22.486Z"}
{"level":"info","message":"MongoDB connected successfully","timestamp":"2025-04-11T15:39:22.488Z"}
{"level":"info","message":"Server running on port 5000 in development mode","timestamp":"2025-04-11T15:39:22.491Z"}
{"level":"info","message":"MongoDB connected successfully","timestamp":"2025-04-11T15:51:24.420Z"}
{"level":"info","message":"MongoDB connected successfully","timestamp":"2025-04-11T15:51:24.422Z"}
{"level":"info","message":"Server running on port 5000 in development mode","timestamp":"2025-04-11T15:51:24.424Z"}
{"level":"info","message":"Server running on port 3000","timestamp":"2025-04-11T17:38:32.166Z"}
{"level":"error","message":"MongoDB connection error: getaddrinfo ENOTFOUND mongo","reason":{"commonWireVersion":0,"compatible":true,"heartbeatFrequencyMS":10000,"localThresholdMS":15,"logicalSessionTimeoutMinutes":null,"maxElectionId":null,"maxSetVersion":null,"servers":{},"setName":null,"stale":false,"type":"Unknown"},"stack":"MongooseServerSelectionError: getaddrinfo ENOTFOUND mongo\n    at _handleConnectionErrors (/Users/dev-rizwan/SearchEngine/node_modules/mongoose/lib/connection.js:816:11)\n    at NativeConnection.openUri (/Users/dev-rizwan/SearchEngine/node_modules/mongoose/lib/connection.js:791:11)","timestamp":"2025-04-11T17:39:02.166Z"}
{"level":"info","message":"Server running on port 3000","timestamp":"2025-04-11T17:40:28.017Z"}
{"level":"error","message":"Search error: Operation `items.find()` buffering timed out after 10000ms","stack":"MongooseError: Operation `items.find()` buffering timed out after 10000ms\n    at Timeout.<anonymous> (/Users/dev-rizwan/SearchEngine/node_modules/mongoose/lib/drivers/node-mongodb-native/collection.js:185:23)\n    at listOnTimeout (node:internal/timers:559:17)\n    at processTimers (node:internal/timers:502:7)","timestamp":"2025-04-11T17:40:47.742Z"}
{"level":"error","message":"MongoDB connection error: getaddrinfo ENOTFOUND mongo","reason":{"commonWireVersion":0,"compatible":true,"heartbeatFrequencyMS":10000,"localThresholdMS":15,"logicalSessionTimeoutMinutes":null,"maxElectionId":null,"maxSetVersion":null,"servers":{},"setName":null,"stale":false,"type":"Unknown"},"stack":"MongooseServerSelectionError: getaddrinfo ENOTFOUND mongo\n    at _handleConnectionErrors (/Users/dev-rizwan/SearchEngine/node_modules/mongoose/lib/connection.js:816:11)\n    at NativeConnection.openUri (/Users/dev-rizwan/SearchEngine/node_modules/mongoose/lib/connection.js:791:11)","timestamp":"2025-04-11T17:40:58.018Z"}
{"level":"error","message":"Search error: Operation `items.find()` buffering timed out after 10000ms","stack":"MongooseError: Operation `items.find()` buffering timed out after 10000ms\n    at Timeout.<anonymous> (/Users/dev-rizwan/SearchEngine/node_modules/mongoose/lib/drivers/node-mongodb-native/collection.js:185:23)\n    at listOnTimeout (node:internal/timers:559:17)\n    at processTimers (node:internal/timers:502:7)","timestamp":"2025-04-11T17:41:24.838Z"}
{"level":"info","message":"Server running on port 3000","timestamp":"2025-04-11T17:41:53.043Z"}
{"level":"error","message":"Search error: Operation `items.find()` buffering timed out after 10000ms","stack":"MongooseError: Operation `items.find()` buffering timed out after 10000ms\n    at Timeout.<anonymous> (/Users/dev-rizwan/SearchEngine/node_modules/mongoose/lib/drivers/node-mongodb-native/collection.js:185:23)\n    at listOnTimeout (node:internal/timers:559:17)\n    at processTimers (node:internal/timers:502:7)","timestamp":"2025-04-11T17:42:07.032Z"}
{"level":"error","message":"MongoDB connection error: getaddrinfo ENOTFOUND mongo","reason":{"commonWireVersion":0,"compatible":true,"heartbeatFrequencyMS":10000,"localThresholdMS":15,"logicalSessionTimeoutMinutes":null,"maxElectionId":null,"maxSetVersion":null,"servers":{},"setName":null,"stale":false,"type":"Unknown"},"stack":"MongooseServerSelectionError: getaddrinfo ENOTFOUND mongo\n    at _handleConnectionErrors (/Users/dev-rizwan/SearchEngine/node_modules/mongoose/lib/connection.js:816:11)\n    at NativeConnection.openUri (/Users/dev-rizwan/SearchEngine/node_modules/mongoose/lib/connection.js:791:11)","timestamp":"2025-04-11T17:42:23.039Z"}
{"level":"info","message":"Attempting to connect to MongoDB at mongodb://mongo:27017/live-search","timestamp":"2025-04-11T17:44:46.819Z"}
{"level":"info","message":"Server running on port 3000","timestamp":"2025-04-11T17:44:46.840Z"}
{"level":"error","message":"MongoDB connection error: getaddrinfo ENOTFOUND mongo","reason":{"commonWireVersion":0,"compatible":true,"heartbeatFrequencyMS":10000,"localThresholdMS":15,"logicalSessionTimeoutMinutes":null,"maxElectionId":null,"maxSetVersion":null,"servers":{},"setName":null,"stale":false,"type":"Unknown"},"stack":"MongooseServerSelectionError: getaddrinfo ENOTFOUND mongo\n    at _handleConnectionErrors (/Users/dev-rizwan/SearchEngine/node_modules/mongoose/lib/connection.js:816:11)\n    at NativeConnection.openUri (/Users/dev-rizwan/SearchEngine/node_modules/mongoose/lib/connection.js:791:11)\n    at connectToMongoDB (/Users/dev-rizwan/SearchEngine/src/app.ts:20:5)","timestamp":"2025-04-11T17:44:51.847Z"}
{"level":"info","message":"Attempting to connect to MongoDB at mongodb://mongo:27017/live-search","timestamp":"2025-04-11T17:46:04.154Z"}
{"level":"info","message":"Server running on port 3000","timestamp":"2025-04-11T17:46:04.173Z"}
{"level":"error","message":"MongoDB connection error: getaddrinfo ENOTFOUND mongo","reason":{"commonWireVersion":0,"compatible":true,"heartbeatFrequencyMS":10000,"localThresholdMS":15,"logicalSessionTimeoutMinutes":null,"maxElectionId":null,"maxSetVersion":null,"servers":{},"setName":null,"stale":false,"type":"Unknown"},"stack":"MongooseServerSelectionError: getaddrinfo ENOTFOUND mongo\n    at _handleConnectionErrors (/Users/dev-rizwan/SearchEngine/node_modules/mongoose/lib/connection.js:816:11)\n    at NativeConnection.openUri (/Users/dev-rizwan/SearchEngine/node_modules/mongoose/lib/connection.js:791:11)\n    at connectToMongoDB (/Users/dev-rizwan/SearchEngine/src/app.ts:20:5)","timestamp":"2025-04-11T17:46:09.176Z"}
{"level":"info","message":"Attempting to connect to MongoDB at mongodb://mongo:27017/live-search","timestamp":"2025-04-11T17:46:12.044Z"}
{"level":"info","message":"Server running on port 3000","timestamp":"2025-04-11T17:46:12.067Z"}
{"level":"error","message":"MongoDB connection error: getaddrinfo ENOTFOUND mongo","reason":{"commonWireVersion":0,"compatible":true,"heartbeatFrequencyMS":10000,"localThresholdMS":15,"logicalSessionTimeoutMinutes":null,"maxElectionId":null,"maxSetVersion":null,"servers":{},"setName":null,"stale":false,"type":"Unknown"},"stack":"MongooseServerSelectionError: getaddrinfo ENOTFOUND mongo\n    at _handleConnectionErrors (/Users/dev-rizwan/SearchEngine/node_modules/mongoose/lib/connection.js:816:11)\n    at NativeConnection.openUri (/Users/dev-rizwan/SearchEngine/node_modules/mongoose/lib/connection.js:791:11)\n    at connectToMongoDB (/Users/dev-rizwan/SearchEngine/src/app.ts:20:5)","timestamp":"2025-04-11T17:46:17.070Z"}
{"level":"info","message":"Attempting to connect to MongoDB at mongodb://mongo:27017/live-search","timestamp":"2025-04-11T17:47:45.040Z"}
{"level":"info","message":"Server running on port 3000","timestamp":"2025-04-11T17:47:45.057Z"}
{"level":"error","message":"MongoDB connection error: getaddrinfo ENOTFOUND mongo","reason":{"commonWireVersion":0,"compatible":true,"heartbeatFrequencyMS":10000,"localThresholdMS":15,"logicalSessionTimeoutMinutes":null,"maxElectionId":null,"maxSetVersion":null,"servers":{},"setName":null,"stale":false,"type":"Unknown"},"stack":"MongooseServerSelectionError: getaddrinfo ENOTFOUND mongo\n    at _handleConnectionErrors (/Users/dev-rizwan/SearchEngine/node_modules/mongoose/lib/connection.js:816:11)\n    at NativeConnection.openUri (/Users/dev-rizwan/SearchEngine/node_modules/mongoose/lib/connection.js:791:11)\n    at connectToMongoDB (/Users/dev-rizwan/SearchEngine/src/app.ts:20:5)","timestamp":"2025-04-11T17:47:50.060Z"}
{"level":"info","message":"Attempting to connect to MongoDB at mongodb://mongo:27017/live-search","timestamp":"2025-04-11T17:53:17.396Z"}
{"level":"info","message":"Server running on port 3000","timestamp":"2025-04-11T17:53:17.413Z"}
{"level":"error","message":"MongoDB connection error: getaddrinfo ENOTFOUND mongo","reason":{"commonWireVersion":0,"compatible":true,"heartbeatFrequencyMS":10000,"localThresholdMS":15,"logicalSessionTimeoutMinutes":null,"maxElectionId":null,"maxSetVersion":null,"servers":{},"setName":null,"stale":false,"type":"Unknown"},"stack":"MongooseServerSelectionError: getaddrinfo ENOTFOUND mongo\n    at _handleConnectionErrors (/Users/dev-rizwan/SearchEngine/node_modules/mongoose/lib/connection.js:816:11)\n    at NativeConnection.openUri (/Users/dev-rizwan/SearchEngine/node_modules/mongoose/lib/connection.js:791:11)\n    at connectToMongoDB (/Users/dev-rizwan/SearchEngine/src/app.ts:20:5)","timestamp":"2025-04-11T17:53:22.416Z"}
{"level":"info","message":"Attempting to connect to MongoDB at mongodb://mongo:27017/live-search","timestamp":"2025-04-11T18:00:44.132Z"}
{"level":"info","message":"Server running on port 3000","timestamp":"2025-04-11T18:00:44.162Z"}
{"level":"info","message":"Connected to MongoDB","timestamp":"2025-04-11T18:00:44.201Z"}
{"level":"info","message":"Database seeded with temp.json","timestamp":"2025-04-11T18:00:44.248Z"}
{"level":"info","message":"Executing search","query":"headphones","sortBy":"relevance","sortOrder":"desc","timestamp":"2025-04-11T18:01:22.937Z"}
{"level":"info","message":"Search completed","query":"headphones","results":1,"timestamp":"2025-04-11T18:01:22.971Z"}
{"level":"info","message":"Executing search","query":"headphones","sortBy":"relevance","sortOrder":"desc","timestamp":"2025-04-11T18:02:48.156Z"}
{"level":"info","message":"Search completed","query":"headphones","results":1,"timestamp":"2025-04-11T18:02:48.165Z"}
{"level":"info","message":"Executing search","query":"headphones","sortBy":"relevance","sortOrder":"desc","timestamp":"2025-04-11T18:02:49.721Z"}
{"level":"info","message":"Search completed","query":"headphones","results":1,"timestamp":"2025-04-11T18:02:49.733Z"}
{"level":"info","message":"Executing search","query":"Bluetooth","sortBy":"relevance","sortOrder":"desc","timestamp":"2025-04-11T18:03:08.954Z"}
{"level":"info","message":"Search completed","query":"Bluetooth","results":1,"timestamp":"2025-04-11T18:03:08.962Z"}
{"level":"info","message":"Executing search","query":"headphones","sortBy":"relevance","sortOrder":"desc","timestamp":"2025-04-11T18:03:14.016Z"}
{"level":"info","message":"Search completed","query":"headphones","results":1,"timestamp":"2025-04-11T18:03:14.023Z"}
{"level":"info","message":"Executing search","query":"speaker","sortBy":"price","sortOrder":"asc","timestamp":"2025-04-11T18:04:20.841Z"}
{"level":"info","message":"Search completed","query":"speaker","results":1,"timestamp":"2025-04-11T18:04:20.849Z"}
{"level":"info","message":"Executing search","query":"Smartphone","sortBy":"price","sortOrder":"asc","timestamp":"2025-04-11T18:04:41.345Z"}
{"level":"info","message":"Search completed","query":"Smartphone","results":1,"timestamp":"2025-04-11T18:04:41.352Z"}
{"level":"info","message":"Server running on port 3000","timestamp":"2025-04-11T18:08:27.654Z"}
{"level":"info","message":"Attempting to connect to MongoDB at mongodb://mongo:27017/live-search","timestamp":"2025-04-11T18:08:57.183Z"}
{"level":"info","message":"Server running on port 3000","timestamp":"2025-04-11T18:08:57.204Z"}
{"level":"error","message":"MongoDB connection error: getaddrinfo ENOTFOUND mongo","reason":{"commonWireVersion":0,"compatible":true,"heartbeatFrequencyMS":10000,"localThresholdMS":15,"logicalSessionTimeoutMinutes":null,"maxElectionId":null,"maxSetVersion":null,"servers":{},"setName":null,"stale":false,"type":"Unknown"},"stack":"MongooseServerSelectionError: getaddrinfo ENOTFOUND mongo\n    at _handleConnectionErrors (/Users/dev-rizwan/SearchEngine/node_modules/mongoose/lib/connection.js:816:11)\n    at NativeConnection.openUri (/Users/dev-rizwan/SearchEngine/node_modules/mongoose/lib/connection.js:791:11)\n    at connectToMongoDB (/Users/dev-rizwan/SearchEngine/dist/app.js:21:9)","timestamp":"2025-04-11T18:09:02.201Z"}
{"level":"info","message":"Attempting to connect to MongoDB at mongodb://mongo:27017/live-search","timestamp":"2025-04-11T18:09:19.366Z"}
{"level":"info","message":"Server running on port 3000","timestamp":"2025-04-11T18:09:19.391Z"}
{"level":"error","message":"MongoDB connection error: getaddrinfo ENOTFOUND mongo","reason":{"commonWireVersion":0,"compatible":true,"heartbeatFrequencyMS":10000,"localThresholdMS":15,"logicalSessionTimeoutMinutes":null,"maxElectionId":null,"maxSetVersion":null,"servers":{},"setName":null,"stale":false,"type":"Unknown"},"stack":"MongooseServerSelectionError: getaddrinfo ENOTFOUND mongo\n    at _handleConnectionErrors (/Users/dev-rizwan/SearchEngine/node_modules/mongoose/lib/connection.js:816:11)\n    at NativeConnection.openUri (/Users/dev-rizwan/SearchEngine/node_modules/mongoose/lib/connection.js:791:11)\n    at async connectToMongoDB (/Users/dev-rizwan/SearchEngine/dist/app.js:21:9)","timestamp":"2025-04-11T18:09:24.389Z"}
{"level":"info","message":"Attempting to connect to MongoDB at mongodb://mongo:27017/live-search","timestamp":"2025-04-11T18:09:38.074Z"}
{"level":"info","message":"Server running on port 3000","timestamp":"2025-04-11T18:09:38.095Z"}
{"level":"error","message":"MongoDB connection error: getaddrinfo ENOTFOUND mongo","reason":{"commonWireVersion":0,"compatible":true,"heartbeatFrequencyMS":10000,"localThresholdMS":15,"logicalSessionTimeoutMinutes":null,"maxElectionId":null,"maxSetVersion":null,"servers":{},"setName":null,"stale":false,"type":"Unknown"},"stack":"MongooseServerSelectionError: getaddrinfo ENOTFOUND mongo\n    at _handleConnectionErrors (/Users/dev-rizwan/SearchEngine/node_modules/mongoose/lib/connection.js:816:11)\n    at NativeConnection.openUri (/Users/dev-rizwan/SearchEngine/node_modules/mongoose/lib/connection.js:791:11)\n    at connectToMongoDB (/Users/dev-rizwan/SearchEngine/dist/app.js:21:9)","timestamp":"2025-04-11T18:09:43.093Z"}
{"level":"info","message":"Attempting to connect to MongoDB at mongodb://mongo:27017/live-search","timestamp":"2025-04-11T18:10:08.869Z"}
{"level":"info","message":"Server running on port 3000","timestamp":"2025-04-11T18:10:08.923Z"}
{"level":"error","message":"MongoDB connection error: getaddrinfo ENOTFOUND mongo","reason":{"commonWireVersion":0,"compatible":true,"heartbeatFrequencyMS":10000,"localThresholdMS":15,"logicalSessionTimeoutMinutes":null,"maxElectionId":null,"maxSetVersion":null,"servers":{},"setName":null,"stale":false,"type":"Unknown"},"stack":"MongooseServerSelectionError: getaddrinfo ENOTFOUND mongo\n    at _handleConnectionErrors (/Users/dev-rizwan/SearchEngine/node_modules/mongoose/lib/connection.js:816:11)\n    at NativeConnection.openUri (/Users/dev-rizwan/SearchEngine/node_modules/mongoose/lib/connection.js:791:11)\n    at connectToMongoDB (/Users/dev-rizwan/SearchEngine/dist/app.js:21:9)","timestamp":"2025-04-11T18:10:13.889Z"}
{"level":"info","message":"Attempting to connect to MongoDB at mongodb://mongo:27017/live-search","timestamp":"2025-04-11T18:11:24.248Z"}
{"level":"info","message":"Server running on port 3000","timestamp":"2025-04-11T18:11:24.277Z"}
{"level":"info","message":"Connected to MongoDB","timestamp":"2025-04-11T18:11:24.311Z"}
{"level":"info","message":"Database already seeded","timestamp":"2025-04-11T18:11:24.339Z"}
{"level":"info","message":"Executing search","query":"Smartphone","sortBy":"price","sortOrder":"asc","timestamp":"2025-04-11T18:11:32.784Z"}
{"level":"info","message":"Search completed","query":"Smartphone","results":1,"timestamp":"2025-04-11T18:11:32.809Z"}
{"level":"info","message":"Attempting to connect to MongoDB at mongodb://mongo:27017/live-search","timestamp":"2025-04-11T18:14:52.600Z"}
{"level":"info","message":"Server running on port 3000","timestamp":"2025-04-11T18:14:52.625Z"}
{"level":"info","message":"Connected to MongoDB","timestamp":"2025-04-11T18:14:52.655Z"}
{"level":"info","message":"Database already seeded","timestamp":"2025-04-11T18:14:52.677Z"}
{"level":"info","message":"Executing search","query":"Bluetooth","sortBy":"price","sortOrder":"asc","timestamp":"2025-04-11T18:15:33.645Z"}
{"level":"info","message":"Search completed","query":"Bluetooth","results":1,"timestamp":"2025-04-11T18:15:33.661Z"}
{"level":"info","message":"Attempting to connect to MongoDB at mongodb://mongo:27017/live-search","timestamp":"2025-04-21T23:33:57.123Z"}
{"level":"info","message":"Server running on port 3000","timestamp":"2025-04-21T23:33:57.145Z"}
{"level":"info","message":"Connected to MongoDB","timestamp":"2025-04-21T23:33:57.164Z"}
{"level":"info","message":"Database seeded with temp.json","timestamp":"2025-04-21T23:33:57.222Z"}
{"level":"info","message":"Attempting to connect to MongoDB at mongodb://mongo:27017/live-search","timestamp":"2025-04-21T23:35:20.726Z"}
{"level":"info","message":"Server running on port 3000","timestamp":"2025-04-21T23:35:20.746Z"}
{"level":"info","message":"Connected to MongoDB","timestamp":"2025-04-21T23:35:20.762Z"}
{"level":"info","message":"Database seeded with temp.json","timestamp":"2025-04-21T23:35:20.823Z"}
{"level":"info","message":"Executing search","query":"'wireless'","sortBy":"relevance","sortOrder":"desc","timestamp":"2025-04-21T23:37:46.212Z"}
{"level":"info","message":"Search completed","query":"'wireless'","results":1,"timestamp":"2025-04-21T23:37:46.258Z"}
{"level":"info","message":"Executing search","sortBy":"relevance","sortOrder":"desc","timestamp":"2025-04-21T23:37:56.127Z"}
{"level":"error","message":"Search error: Cannot read properties of undefined (reading '$elemMatch')","stack":"TypeError: Cannot read properties of undefined (reading '$elemMatch')\n    at model.Query._castFields (/app/node_modules/mongoose/lib/query.js:4962:23)\n    at Query._optionsForExec (/app/node_modules/mongoose/lib/query.js:2016:25)\n    at model.Query._find (/app/node_modules/mongoose/lib/query.js:2283:24)\n    at model.Query.exec (/app/node_modules/mongoose/lib/query.js:4447:28)\n    at process.processTicksAndRejections (node:internal/process/task_queues:95:5)\n    at async searchItems (/app/dist/controllers/searchController.js:37:23)","timestamp":"2025-04-21T23:37:56.131Z"}
{"level":"info","message":"Executing search","query":"'headphones'","sortBy":"relevance","sortOrder":"desc","timestamp":"2025-04-21T23:38:10.069Z"}
{"level":"info","message":"Search completed","query":"'headphones'","results":1,"timestamp":"2025-04-21T23:38:10.078Z"}
{"level":"info","message":"Executing search","query":"\"smartphone\"","sortBy":"relevance","sortOrder":"desc","timestamp":"2025-04-21T23:38:31.390Z"}
{"level":"info","message":"Search completed","query":"\"smartphone\"","results":1,"timestamp":"2025-04-21T23:38:31.400Z"}
{"level":"info","message":"Executing search","query":"\"5g\"","sortBy":"relevance","sortOrder":"desc","timestamp":"2025-04-21T23:38:42.720Z"}
{"level":"info","message":"Search completed","query":"\"5g\"","results":1,"timestamp":"2025-04-21T23:38:42.728Z"}
{"level":"info","message":"Executing search","query":"\"wierd\"","sortBy":"relevance","sortOrder":"desc","timestamp":"2025-04-21T23:38:49.642Z"}
{"level":"info","message":"Search completed","query":"\"wierd\"","results":0,"timestamp":"2025-04-21T23:38:49.647Z"}
